<?xml version="1.0" encoding="UTF-8"?>
<!-- Generated by org.testng.reporters.JUnitXMLReporter -->
<testsuite hostname="PRMORE02" ignored="0" name="ChromeTest" tests="2" failures="0" timestamp="08 Sep 2019 14:46:55 GMT" time="43.358" errors="0">
  <testcase name="verifyConverterPageTitle" time="0.058" classname="com.transferwise.tests.ConverterPageTest"/>
  <testcase name="validateConverterTest" time="13.479" classname="com.transferwise.tests.ConverterPageTest"/>
</testsuite> <!-- ChromeTest -->
