<?xml version="1.0" encoding="UTF-8"?>
<!-- Generated by org.testng.reporters.JUnitXMLReporter -->
<testsuite hostname="PRMORE02" ignored="0" name="FirefoxTest" tests="2" failures="0" timestamp="08 Sep 2019 14:36:18 GMT" time="44.951" errors="0">
  <testcase name="verifyConverterPageTitle" time="0.009" classname="com.transferwise.tests.ConverterPageTest"/>
  <testcase name="validateConverterTest" time="8.53" classname="com.transferwise.tests.ConverterPageTest"/>
</testsuite> <!-- FirefoxTest -->
