<?xml version="1.0" encoding="UTF-8"?>
<!-- Generated by org.testng.reporters.JUnitXMLReporter -->
<testsuite hostname="PRMORE02" ignored="0" name="ChromeTest" tests="6" failures="0" timestamp="09 Sep 2019 06:17:39 GMT" time="74.291" errors="0">
  <testcase name="verifyConverterPageTitle" time="0.172" classname="com.transferwise.tests.ConverterPageTest"/>
  <testcase name="validateConverterTest" time="11.413" classname="com.transferwise.tests.ConverterPageTest"/>
  <testcase name="validateConverterTest" time="10.43" classname="com.transferwise.tests.ConverterPageTest"/>
  <testcase name="validateConverterTest" time="8.848" classname="com.transferwise.tests.ConverterPageTest"/>
  <testcase name="validateConverterTest" time="9.299" classname="com.transferwise.tests.ConverterPageTest"/>
  <testcase name="validateConverterTest" time="8.843" classname="com.transferwise.tests.ConverterPageTest"/>
</testsuite> <!-- ChromeTest -->
