<?xml version="1.0" encoding="UTF-8"?>
<!-- Generated by org.testng.reporters.JUnitXMLReporter -->
<testsuite hostname="PRMORE02" ignored="0" name="FirefoxTest" tests="6" failures="0" timestamp="09 Sep 2019 06:18:54 GMT" time="74.789" errors="0">
  <testcase name="verifyConverterPageTitle" time="0.006" classname="com.transferwise.tests.ConverterPageTest"/>
  <testcase name="validateConverterTest" time="9.249" classname="com.transferwise.tests.ConverterPageTest"/>
  <testcase name="validateConverterTest" time="8.154" classname="com.transferwise.tests.ConverterPageTest"/>
  <testcase name="validateConverterTest" time="8.424" classname="com.transferwise.tests.ConverterPageTest"/>
  <testcase name="validateConverterTest" time="8.406" classname="com.transferwise.tests.ConverterPageTest"/>
  <testcase name="validateConverterTest" time="8.57" classname="com.transferwise.tests.ConverterPageTest"/>
</testsuite> <!-- FirefoxTest -->
