-------------------------------------------------------------------------------
Test set: TestSuite
-------------------------------------------------------------------------------
Tests run: 18, Failures: 5, Errors: 0, Skipped: 0, Time elapsed: 324.656 s <<< FAILURE! - in TestSuite
validateConverterTest(com.transferwise.tests.ConverterPageTest)  Time elapsed: 31.896 s  <<< FAILURE!
org.openqa.selenium.NoSuchElementException: 
Unable to find element with xpath == //input[@placeholder='Type a currency / country']
For documentation on this error, please visit: https://www.seleniumhq.org/exceptions/no_such_element.html
Build info: version: '3.141.59', revision: 'e82be7d358', time: '2018-11-14T08:17:03'
System info: host: 'PRMORE02', ip: '192.168.0.100', os.name: 'Windows 10', os.arch: 'amd64', os.version: '10.0', java.version: '1.8.0_181'
Driver info: org.openqa.selenium.ie.InternetExplorerDriver
Capabilities {acceptInsecureCerts: false, browserName: internet explorer, browserVersion: 11, javascriptEnabled: true, pageLoadStrategy: normal, platform: WINDOWS, platformName: WINDOWS, proxy: Proxy(), se:ieOptions: {browserAttachTimeout: 0, elementScrollBehavior: 0, enablePersistentHover: true, ie.browserCommandLineSwitches: , ie.ensureCleanSession: false, ie.fileUploadDialogTimeout: 3000, ie.forceCreateProcessApi: false, ignoreProtectedModeSettings: false, ignoreZoomSetting: false, initialBrowserUrl: http://localhost:3754/, nativeEvents: true, requireWindowFocus: false}, setWindowRect: true, timeouts: {implicit: 0, pageLoad: 300000, script: 30000}}
Session ID: f45cce42-ca62-4fea-bbe1-4e15a6c98b61
*** Element info: {Using=xpath, value=//input[@placeholder='Type a currency / country']}
	at com.transferwise.tests.ConverterPageTest.validateConverterTest(ConverterPageTest.java:43)

validateConverterTest(com.transferwise.tests.ConverterPageTest)  Time elapsed: 30.903 s  <<< FAILURE!
org.openqa.selenium.NoSuchElementException: 
Unable to find element with xpath == //input[@placeholder='Type a currency / country']
For documentation on this error, please visit: https://www.seleniumhq.org/exceptions/no_such_element.html
Build info: version: '3.141.59', revision: 'e82be7d358', time: '2018-11-14T08:17:03'
System info: host: 'PRMORE02', ip: '192.168.0.100', os.name: 'Windows 10', os.arch: 'amd64', os.version: '10.0', java.version: '1.8.0_181'
Driver info: org.openqa.selenium.ie.InternetExplorerDriver
Capabilities {acceptInsecureCerts: false, browserName: internet explorer, browserVersion: 11, javascriptEnabled: true, pageLoadStrategy: normal, platform: WINDOWS, platformName: WINDOWS, proxy: Proxy(), se:ieOptions: {browserAttachTimeout: 0, elementScrollBehavior: 0, enablePersistentHover: true, ie.browserCommandLineSwitches: , ie.ensureCleanSession: false, ie.fileUploadDialogTimeout: 3000, ie.forceCreateProcessApi: false, ignoreProtectedModeSettings: false, ignoreZoomSetting: false, initialBrowserUrl: http://localhost:3754/, nativeEvents: true, requireWindowFocus: false}, setWindowRect: true, timeouts: {implicit: 0, pageLoad: 300000, script: 30000}}
Session ID: f45cce42-ca62-4fea-bbe1-4e15a6c98b61
*** Element info: {Using=xpath, value=//input[@placeholder='Type a currency / country']}
	at com.transferwise.tests.ConverterPageTest.validateConverterTest(ConverterPageTest.java:43)

validateConverterTest(com.transferwise.tests.ConverterPageTest)  Time elapsed: 31.042 s  <<< FAILURE!
org.openqa.selenium.NoSuchElementException: 
Unable to find element with xpath == //input[@placeholder='Type a currency / country']
For documentation on this error, please visit: https://www.seleniumhq.org/exceptions/no_such_element.html
Build info: version: '3.141.59', revision: 'e82be7d358', time: '2018-11-14T08:17:03'
System info: host: 'PRMORE02', ip: '192.168.0.100', os.name: 'Windows 10', os.arch: 'amd64', os.version: '10.0', java.version: '1.8.0_181'
Driver info: org.openqa.selenium.ie.InternetExplorerDriver
Capabilities {acceptInsecureCerts: false, browserName: internet explorer, browserVersion: 11, javascriptEnabled: true, pageLoadStrategy: normal, platform: WINDOWS, platformName: WINDOWS, proxy: Proxy(), se:ieOptions: {browserAttachTimeout: 0, elementScrollBehavior: 0, enablePersistentHover: true, ie.browserCommandLineSwitches: , ie.ensureCleanSession: false, ie.fileUploadDialogTimeout: 3000, ie.forceCreateProcessApi: false, ignoreProtectedModeSettings: false, ignoreZoomSetting: false, initialBrowserUrl: http://localhost:3754/, nativeEvents: true, requireWindowFocus: false}, setWindowRect: true, timeouts: {implicit: 0, pageLoad: 300000, script: 30000}}
Session ID: f45cce42-ca62-4fea-bbe1-4e15a6c98b61
*** Element info: {Using=xpath, value=//input[@placeholder='Type a currency / country']}
	at com.transferwise.tests.ConverterPageTest.validateConverterTest(ConverterPageTest.java:43)

validateConverterTest(com.transferwise.tests.ConverterPageTest)  Time elapsed: 31.259 s  <<< FAILURE!
org.openqa.selenium.NoSuchElementException: 
Unable to find element with xpath == //input[@placeholder='Type a currency / country']
For documentation on this error, please visit: https://www.seleniumhq.org/exceptions/no_such_element.html
Build info: version: '3.141.59', revision: 'e82be7d358', time: '2018-11-14T08:17:03'
System info: host: 'PRMORE02', ip: '192.168.0.100', os.name: 'Windows 10', os.arch: 'amd64', os.version: '10.0', java.version: '1.8.0_181'
Driver info: org.openqa.selenium.ie.InternetExplorerDriver
Capabilities {acceptInsecureCerts: false, browserName: internet explorer, browserVersion: 11, javascriptEnabled: true, pageLoadStrategy: normal, platform: WINDOWS, platformName: WINDOWS, proxy: Proxy(), se:ieOptions: {browserAttachTimeout: 0, elementScrollBehavior: 0, enablePersistentHover: true, ie.browserCommandLineSwitches: , ie.ensureCleanSession: false, ie.fileUploadDialogTimeout: 3000, ie.forceCreateProcessApi: false, ignoreProtectedModeSettings: false, ignoreZoomSetting: false, initialBrowserUrl: http://localhost:3754/, nativeEvents: true, requireWindowFocus: false}, setWindowRect: true, timeouts: {implicit: 0, pageLoad: 300000, script: 30000}}
Session ID: f45cce42-ca62-4fea-bbe1-4e15a6c98b61
*** Element info: {Using=xpath, value=//input[@placeholder='Type a currency / country']}
	at com.transferwise.tests.ConverterPageTest.validateConverterTest(ConverterPageTest.java:43)

validateConverterTest(com.transferwise.tests.ConverterPageTest)  Time elapsed: 31.566 s  <<< FAILURE!
org.openqa.selenium.NoSuchElementException: 
Unable to find element with xpath == //input[@placeholder='Type a currency / country']
For documentation on this error, please visit: https://www.seleniumhq.org/exceptions/no_such_element.html
Build info: version: '3.141.59', revision: 'e82be7d358', time: '2018-11-14T08:17:03'
System info: host: 'PRMORE02', ip: '192.168.0.100', os.name: 'Windows 10', os.arch: 'amd64', os.version: '10.0', java.version: '1.8.0_181'
Driver info: org.openqa.selenium.ie.InternetExplorerDriver
Capabilities {acceptInsecureCerts: false, browserName: internet explorer, browserVersion: 11, javascriptEnabled: true, pageLoadStrategy: normal, platform: WINDOWS, platformName: WINDOWS, proxy: Proxy(), se:ieOptions: {browserAttachTimeout: 0, elementScrollBehavior: 0, enablePersistentHover: true, ie.browserCommandLineSwitches: , ie.ensureCleanSession: false, ie.fileUploadDialogTimeout: 3000, ie.forceCreateProcessApi: false, ignoreProtectedModeSettings: false, ignoreZoomSetting: false, initialBrowserUrl: http://localhost:3754/, nativeEvents: true, requireWindowFocus: false}, setWindowRect: true, timeouts: {implicit: 0, pageLoad: 300000, script: 30000}}
Session ID: f45cce42-ca62-4fea-bbe1-4e15a6c98b61
*** Element info: {Using=xpath, value=//input[@placeholder='Type a currency / country']}
	at com.transferwise.tests.ConverterPageTest.validateConverterTest(ConverterPageTest.java:43)

