<?xml version="1.0" encoding="UTF-8"?>
<testsuite xmlns:xsi="http://www.w3.org/2001/XMLSchema-instance" xsi:noNamespaceSchemaLocation="https://maven.apache.org/surefire/maven-surefire-plugin/xsd/surefire-test-report.xsd" name="TestSuite" time="324.656" tests="18" errors="0" skipped="0" failures="5">
  <properties>
[...]
</properties>
  <testcase name="verifyConverterPageTitle" classname="com.transferwise.tests.ConverterPageTest" time="0.176"/>
  <testcase name="verifyConverterPageTitle" classname="com.transferwise.tests.ConverterPageTest" time="0.078"/>
  <testcase name="verifyConverterPageTitle" classname="com.transferwise.tests.ConverterPageTest" time="0.038"/>
  <testcase name="validateConverterTest" classname="com.transferwise.tests.ConverterPageTest" time="11.414"/>
  <testcase name="validateConverterTest" classname="com.transferwise.tests.ConverterPageTest" time="10.43"/>
  <testcase name="validateConverterTest" classname="com.transferwise.tests.ConverterPageTest" time="8.847"/>
  <testcase name="validateConverterTest" classname="com.transferwise.tests.ConverterPageTest" time="9.299"/>
  <testcase name="validateConverterTest" classname="com.transferwise.tests.ConverterPageTest" time="8.842"/>
  <testcase name="validateConverterTest" classname="com.transferwise.tests.ConverterPageTest" time="9.253"/>
  <testcase name="validateConverterTest" classname="com.transferwise.tests.ConverterPageTest" time="8.152"/>
  <testcase name="validateConverterTest" classname="com.transferwise.tests.ConverterPageTest" time="8.426"/>
  <testcase name="validateConverterTest" classname="com.transferwise.tests.ConverterPageTest" time="8.407"/>
  <testcase name="validateConverterTest" classname="com.transferwise.tests.ConverterPageTest" time="8.57"/>
  <testcase name="validateConverterTest" classname="com.transferwise.tests.ConverterPageTest" time="31.896">
    <failure message="Unable to find element with xpath == //input[@placeholder=&apos;Type a currency / country&apos;]&#10;For documentation on this error, please visit: https://www.seleniumhq.org/exceptions/no_such_element.html&#10;Build info: version: &apos;3.141.59&apos;, revision: &apos;e82be7d358&apos;, time: &apos;2018-11-14T08:17:03&apos;&#10;System info: host: &apos;PRMORE02&apos;, ip: &apos;192.168.0.100&apos;, os.name: &apos;Windows 10&apos;, os.arch: &apos;amd64&apos;, os.version: &apos;10.0&apos;, java.version: &apos;1.8.0_181&apos;&#10;Driver info: org.openqa.selenium.ie.InternetExplorerDriver&#10;Capabilities {acceptInsecureCerts: false, browserName: internet explorer, browserVersion: 11, javascriptEnabled: true, pageLoadStrategy: normal, platform: WINDOWS, platformName: WINDOWS, proxy: Proxy(), se:ieOptions: {browserAttachTimeout: 0, elementScrollBehavior: 0, enablePersistentHover: true, ie.browserCommandLineSwitches: , ie.ensureCleanSession: false, ie.fileUploadDialogTimeout: 3000, ie.forceCreateProcessApi: false, ignoreProtectedModeSettings: false, ignoreZoomSetting: false, initialBrowserUrl: http://localhost:3754/, nativeEvents: true, requireWindowFocus: false}, setWindowRect: true, timeouts: {implicit: 0, pageLoad: 300000, script: 30000}}&#10;Session ID: f45cce42-ca62-4fea-bbe1-4e15a6c98b61&#10;*** Element info: {Using=xpath, value=//input[@placeholder=&apos;Type a currency / country&apos;]}" type="org.openqa.selenium.NoSuchElementException">org.openqa.selenium.NoSuchElementException: 
Unable to find element with xpath == //input[@placeholder='Type a currency / country']
For documentation on this error, please visit: https://www.seleniumhq.org/exceptions/no_such_element.html
Build info: version: '3.141.59', revision: 'e82be7d358', time: '2018-11-14T08:17:03'
System info: host: 'PRMORE02', ip: '192.168.0.100', os.name: 'Windows 10', os.arch: 'amd64', os.version: '10.0', java.version: '1.8.0_181'
Driver info: org.openqa.selenium.ie.InternetExplorerDriver
Capabilities {acceptInsecureCerts: false, browserName: internet explorer, browserVersion: 11, javascriptEnabled: true, pageLoadStrategy: normal, platform: WINDOWS, platformName: WINDOWS, proxy: Proxy(), se:ieOptions: {browserAttachTimeout: 0, elementScrollBehavior: 0, enablePersistentHover: true, ie.browserCommandLineSwitches: , ie.ensureCleanSession: false, ie.fileUploadDialogTimeout: 3000, ie.forceCreateProcessApi: false, ignoreProtectedModeSettings: false, ignoreZoomSetting: false, initialBrowserUrl: http://localhost:3754/, nativeEvents: true, requireWindowFocus: false}, setWindowRect: true, timeouts: {implicit: 0, pageLoad: 300000, script: 30000}}
Session ID: f45cce42-ca62-4fea-bbe1-4e15a6c98b61
*** Element info: {Using=xpath, value=//input[@placeholder='Type a currency / country']}
	at com.transferwise.tests.ConverterPageTest.validateConverterTest(ConverterPageTest.java:43)
</failure>
    <system-out><![CDATA[09-09-2019 09:19:06 TestUtil.java INFO  [main] rootCategory 21 - Reading data from input excel file...
09-09-2019 09:19:06 TestUtil.java INFO  [main] rootCategory 54 - Read data from input excel is completed
09-09-2019 09:19:06 ConverterPageTest.java INFO  [main] rootCategory 40 - ************Performing converter data verification for Test 11************
09-09-2019 09:19:06 ConverterPage.java DEBUG [main] rootCategory 72 - Set source currency to: EUR
]]></system-out>
  </testcase>
  <testcase name="validateConverterTest" classname="com.transferwise.tests.ConverterPageTest" time="30.903">
    <failure message="Unable to find element with xpath == //input[@placeholder=&apos;Type a currency / country&apos;]&#10;For documentation on this error, please visit: https://www.seleniumhq.org/exceptions/no_such_element.html&#10;Build info: version: &apos;3.141.59&apos;, revision: &apos;e82be7d358&apos;, time: &apos;2018-11-14T08:17:03&apos;&#10;System info: host: &apos;PRMORE02&apos;, ip: &apos;192.168.0.100&apos;, os.name: &apos;Windows 10&apos;, os.arch: &apos;amd64&apos;, os.version: &apos;10.0&apos;, java.version: &apos;1.8.0_181&apos;&#10;Driver info: org.openqa.selenium.ie.InternetExplorerDriver&#10;Capabilities {acceptInsecureCerts: false, browserName: internet explorer, browserVersion: 11, javascriptEnabled: true, pageLoadStrategy: normal, platform: WINDOWS, platformName: WINDOWS, proxy: Proxy(), se:ieOptions: {browserAttachTimeout: 0, elementScrollBehavior: 0, enablePersistentHover: true, ie.browserCommandLineSwitches: , ie.ensureCleanSession: false, ie.fileUploadDialogTimeout: 3000, ie.forceCreateProcessApi: false, ignoreProtectedModeSettings: false, ignoreZoomSetting: false, initialBrowserUrl: http://localhost:3754/, nativeEvents: true, requireWindowFocus: false}, setWindowRect: true, timeouts: {implicit: 0, pageLoad: 300000, script: 30000}}&#10;Session ID: f45cce42-ca62-4fea-bbe1-4e15a6c98b61&#10;*** Element info: {Using=xpath, value=//input[@placeholder=&apos;Type a currency / country&apos;]}" type="org.openqa.selenium.NoSuchElementException">org.openqa.selenium.NoSuchElementException: 
Unable to find element with xpath == //input[@placeholder='Type a currency / country']
For documentation on this error, please visit: https://www.seleniumhq.org/exceptions/no_such_element.html
Build info: version: '3.141.59', revision: 'e82be7d358', time: '2018-11-14T08:17:03'
System info: host: 'PRMORE02', ip: '192.168.0.100', os.name: 'Windows 10', os.arch: 'amd64', os.version: '10.0', java.version: '1.8.0_181'
Driver info: org.openqa.selenium.ie.InternetExplorerDriver
Capabilities {acceptInsecureCerts: false, browserName: internet explorer, browserVersion: 11, javascriptEnabled: true, pageLoadStrategy: normal, platform: WINDOWS, platformName: WINDOWS, proxy: Proxy(), se:ieOptions: {browserAttachTimeout: 0, elementScrollBehavior: 0, enablePersistentHover: true, ie.browserCommandLineSwitches: , ie.ensureCleanSession: false, ie.fileUploadDialogTimeout: 3000, ie.forceCreateProcessApi: false, ignoreProtectedModeSettings: false, ignoreZoomSetting: false, initialBrowserUrl: http://localhost:3754/, nativeEvents: true, requireWindowFocus: false}, setWindowRect: true, timeouts: {implicit: 0, pageLoad: 300000, script: 30000}}
Session ID: f45cce42-ca62-4fea-bbe1-4e15a6c98b61
*** Element info: {Using=xpath, value=//input[@placeholder='Type a currency / country']}
	at com.transferwise.tests.ConverterPageTest.validateConverterTest(ConverterPageTest.java:43)
</failure>
    <system-out><![CDATA[09-09-2019 09:19:38 ConverterPageTest.java INFO  [main] rootCategory 40 - ************Performing converter data verification for Test 12************
09-09-2019 09:19:38 ConverterPage.java DEBUG [main] rootCategory 72 - Set source currency to: GBP
]]></system-out>
  </testcase>
  <testcase name="validateConverterTest" classname="com.transferwise.tests.ConverterPageTest" time="31.042">
    <failure message="Unable to find element with xpath == //input[@placeholder=&apos;Type a currency / country&apos;]&#10;For documentation on this error, please visit: https://www.seleniumhq.org/exceptions/no_such_element.html&#10;Build info: version: &apos;3.141.59&apos;, revision: &apos;e82be7d358&apos;, time: &apos;2018-11-14T08:17:03&apos;&#10;System info: host: &apos;PRMORE02&apos;, ip: &apos;192.168.0.100&apos;, os.name: &apos;Windows 10&apos;, os.arch: &apos;amd64&apos;, os.version: &apos;10.0&apos;, java.version: &apos;1.8.0_181&apos;&#10;Driver info: org.openqa.selenium.ie.InternetExplorerDriver&#10;Capabilities {acceptInsecureCerts: false, browserName: internet explorer, browserVersion: 11, javascriptEnabled: true, pageLoadStrategy: normal, platform: WINDOWS, platformName: WINDOWS, proxy: Proxy(), se:ieOptions: {browserAttachTimeout: 0, elementScrollBehavior: 0, enablePersistentHover: true, ie.browserCommandLineSwitches: , ie.ensureCleanSession: false, ie.fileUploadDialogTimeout: 3000, ie.forceCreateProcessApi: false, ignoreProtectedModeSettings: false, ignoreZoomSetting: false, initialBrowserUrl: http://localhost:3754/, nativeEvents: true, requireWindowFocus: false}, setWindowRect: true, timeouts: {implicit: 0, pageLoad: 300000, script: 30000}}&#10;Session ID: f45cce42-ca62-4fea-bbe1-4e15a6c98b61&#10;*** Element info: {Using=xpath, value=//input[@placeholder=&apos;Type a currency / country&apos;]}" type="org.openqa.selenium.NoSuchElementException">org.openqa.selenium.NoSuchElementException: 
Unable to find element with xpath == //input[@placeholder='Type a currency / country']
For documentation on this error, please visit: https://www.seleniumhq.org/exceptions/no_such_element.html
Build info: version: '3.141.59', revision: 'e82be7d358', time: '2018-11-14T08:17:03'
System info: host: 'PRMORE02', ip: '192.168.0.100', os.name: 'Windows 10', os.arch: 'amd64', os.version: '10.0', java.version: '1.8.0_181'
Driver info: org.openqa.selenium.ie.InternetExplorerDriver
Capabilities {acceptInsecureCerts: false, browserName: internet explorer, browserVersion: 11, javascriptEnabled: true, pageLoadStrategy: normal, platform: WINDOWS, platformName: WINDOWS, proxy: Proxy(), se:ieOptions: {browserAttachTimeout: 0, elementScrollBehavior: 0, enablePersistentHover: true, ie.browserCommandLineSwitches: , ie.ensureCleanSession: false, ie.fileUploadDialogTimeout: 3000, ie.forceCreateProcessApi: false, ignoreProtectedModeSettings: false, ignoreZoomSetting: false, initialBrowserUrl: http://localhost:3754/, nativeEvents: true, requireWindowFocus: false}, setWindowRect: true, timeouts: {implicit: 0, pageLoad: 300000, script: 30000}}
Session ID: f45cce42-ca62-4fea-bbe1-4e15a6c98b61
*** Element info: {Using=xpath, value=//input[@placeholder='Type a currency / country']}
	at com.transferwise.tests.ConverterPageTest.validateConverterTest(ConverterPageTest.java:43)
</failure>
    <system-out><![CDATA[09-09-2019 09:20:09 ConverterPageTest.java INFO  [main] rootCategory 40 - ************Performing converter data verification for Test 13************
09-09-2019 09:20:09 ConverterPage.java DEBUG [main] rootCategory 72 - Set source currency to: EUR
]]></system-out>
  </testcase>
  <testcase name="validateConverterTest" classname="com.transferwise.tests.ConverterPageTest" time="31.259">
    <failure message="Unable to find element with xpath == //input[@placeholder=&apos;Type a currency / country&apos;]&#10;For documentation on this error, please visit: https://www.seleniumhq.org/exceptions/no_such_element.html&#10;Build info: version: &apos;3.141.59&apos;, revision: &apos;e82be7d358&apos;, time: &apos;2018-11-14T08:17:03&apos;&#10;System info: host: &apos;PRMORE02&apos;, ip: &apos;192.168.0.100&apos;, os.name: &apos;Windows 10&apos;, os.arch: &apos;amd64&apos;, os.version: &apos;10.0&apos;, java.version: &apos;1.8.0_181&apos;&#10;Driver info: org.openqa.selenium.ie.InternetExplorerDriver&#10;Capabilities {acceptInsecureCerts: false, browserName: internet explorer, browserVersion: 11, javascriptEnabled: true, pageLoadStrategy: normal, platform: WINDOWS, platformName: WINDOWS, proxy: Proxy(), se:ieOptions: {browserAttachTimeout: 0, elementScrollBehavior: 0, enablePersistentHover: true, ie.browserCommandLineSwitches: , ie.ensureCleanSession: false, ie.fileUploadDialogTimeout: 3000, ie.forceCreateProcessApi: false, ignoreProtectedModeSettings: false, ignoreZoomSetting: false, initialBrowserUrl: http://localhost:3754/, nativeEvents: true, requireWindowFocus: false}, setWindowRect: true, timeouts: {implicit: 0, pageLoad: 300000, script: 30000}}&#10;Session ID: f45cce42-ca62-4fea-bbe1-4e15a6c98b61&#10;*** Element info: {Using=xpath, value=//input[@placeholder=&apos;Type a currency / country&apos;]}" type="org.openqa.selenium.NoSuchElementException">org.openqa.selenium.NoSuchElementException: 
Unable to find element with xpath == //input[@placeholder='Type a currency / country']
For documentation on this error, please visit: https://www.seleniumhq.org/exceptions/no_such_element.html
Build info: version: '3.141.59', revision: 'e82be7d358', time: '2018-11-14T08:17:03'
System info: host: 'PRMORE02', ip: '192.168.0.100', os.name: 'Windows 10', os.arch: 'amd64', os.version: '10.0', java.version: '1.8.0_181'
Driver info: org.openqa.selenium.ie.InternetExplorerDriver
Capabilities {acceptInsecureCerts: false, browserName: internet explorer, browserVersion: 11, javascriptEnabled: true, pageLoadStrategy: normal, platform: WINDOWS, platformName: WINDOWS, proxy: Proxy(), se:ieOptions: {browserAttachTimeout: 0, elementScrollBehavior: 0, enablePersistentHover: true, ie.browserCommandLineSwitches: , ie.ensureCleanSession: false, ie.fileUploadDialogTimeout: 3000, ie.forceCreateProcessApi: false, ignoreProtectedModeSettings: false, ignoreZoomSetting: false, initialBrowserUrl: http://localhost:3754/, nativeEvents: true, requireWindowFocus: false}, setWindowRect: true, timeouts: {implicit: 0, pageLoad: 300000, script: 30000}}
Session ID: f45cce42-ca62-4fea-bbe1-4e15a6c98b61
*** Element info: {Using=xpath, value=//input[@placeholder='Type a currency / country']}
	at com.transferwise.tests.ConverterPageTest.validateConverterTest(ConverterPageTest.java:43)
</failure>
    <system-out><![CDATA[09-09-2019 09:20:40 ConverterPageTest.java INFO  [main] rootCategory 40 - ************Performing converter data verification for Test 14************
09-09-2019 09:20:40 ConverterPage.java DEBUG [main] rootCategory 72 - Set source currency to: GBP
]]></system-out>
  </testcase>
  <testcase name="validateConverterTest" classname="com.transferwise.tests.ConverterPageTest" time="31.566">
    <failure message="Unable to find element with xpath == //input[@placeholder=&apos;Type a currency / country&apos;]&#10;For documentation on this error, please visit: https://www.seleniumhq.org/exceptions/no_such_element.html&#10;Build info: version: &apos;3.141.59&apos;, revision: &apos;e82be7d358&apos;, time: &apos;2018-11-14T08:17:03&apos;&#10;System info: host: &apos;PRMORE02&apos;, ip: &apos;192.168.0.100&apos;, os.name: &apos;Windows 10&apos;, os.arch: &apos;amd64&apos;, os.version: &apos;10.0&apos;, java.version: &apos;1.8.0_181&apos;&#10;Driver info: org.openqa.selenium.ie.InternetExplorerDriver&#10;Capabilities {acceptInsecureCerts: false, browserName: internet explorer, browserVersion: 11, javascriptEnabled: true, pageLoadStrategy: normal, platform: WINDOWS, platformName: WINDOWS, proxy: Proxy(), se:ieOptions: {browserAttachTimeout: 0, elementScrollBehavior: 0, enablePersistentHover: true, ie.browserCommandLineSwitches: , ie.ensureCleanSession: false, ie.fileUploadDialogTimeout: 3000, ie.forceCreateProcessApi: false, ignoreProtectedModeSettings: false, ignoreZoomSetting: false, initialBrowserUrl: http://localhost:3754/, nativeEvents: true, requireWindowFocus: false}, setWindowRect: true, timeouts: {implicit: 0, pageLoad: 300000, script: 30000}}&#10;Session ID: f45cce42-ca62-4fea-bbe1-4e15a6c98b61&#10;*** Element info: {Using=xpath, value=//input[@placeholder=&apos;Type a currency / country&apos;]}" type="org.openqa.selenium.NoSuchElementException">org.openqa.selenium.NoSuchElementException: 
Unable to find element with xpath == //input[@placeholder='Type a currency / country']
For documentation on this error, please visit: https://www.seleniumhq.org/exceptions/no_such_element.html
Build info: version: '3.141.59', revision: 'e82be7d358', time: '2018-11-14T08:17:03'
System info: host: 'PRMORE02', ip: '192.168.0.100', os.name: 'Windows 10', os.arch: 'amd64', os.version: '10.0', java.version: '1.8.0_181'
Driver info: org.openqa.selenium.ie.InternetExplorerDriver
Capabilities {acceptInsecureCerts: false, browserName: internet explorer, browserVersion: 11, javascriptEnabled: true, pageLoadStrategy: normal, platform: WINDOWS, platformName: WINDOWS, proxy: Proxy(), se:ieOptions: {browserAttachTimeout: 0, elementScrollBehavior: 0, enablePersistentHover: true, ie.browserCommandLineSwitches: , ie.ensureCleanSession: false, ie.fileUploadDialogTimeout: 3000, ie.forceCreateProcessApi: false, ignoreProtectedModeSettings: false, ignoreZoomSetting: false, initialBrowserUrl: http://localhost:3754/, nativeEvents: true, requireWindowFocus: false}, setWindowRect: true, timeouts: {implicit: 0, pageLoad: 300000, script: 30000}}
Session ID: f45cce42-ca62-4fea-bbe1-4e15a6c98b61
*** Element info: {Using=xpath, value=//input[@placeholder='Type a currency / country']}
	at com.transferwise.tests.ConverterPageTest.validateConverterTest(ConverterPageTest.java:43)
</failure>
    <system-out><![CDATA[09-09-2019 09:21:12 ConverterPageTest.java INFO  [main] rootCategory 40 - ************Performing converter data verification for Test 15************
09-09-2019 09:21:12 ConverterPage.java DEBUG [main] rootCategory 72 - Set source currency to: EUR
]]></system-out>
  </testcase>
</testsuite>