<?xml version="1.0" encoding="UTF-8"?>
<testng-results skipped="0" failed="0" ignored="0" total="2" passed="2">
  <reporter-output>
  </reporter-output>
  <suite name="Suite" duration-ms="140118" started-at="2019-09-08T15:15:48Z" finished-at="2019-09-08T15:18:08Z">
    <groups>
    </groups>
    <test name="IETest" duration-ms="140118" started-at="2019-09-08T15:15:48Z" finished-at="2019-09-08T15:18:08Z">
      <class name="com.transferwise.tests.ConverterPageTest">
        <test-method status="PASS" signature="strtup(java.lang.String)[pri:0, instance:com.transferwise.tests.ConverterPageTest@5b87ed94]" name="strtup" is-config="true" duration-ms="23938" started-at="2019-09-08T15:15:48Z" finished-at="2019-09-08T15:16:12Z">
          <params>
            <param index="0">
              <value>
                <![CDATA[IE]]>
              </value>
            </param>
          </params>
          <reporter-output>
          </reporter-output>
        </test-method> <!-- strtup -->
        <test-method status="PASS" signature="verifyConverterPageTitle()[pri:1, instance:com.transferwise.tests.ConverterPageTest@5b87ed94]" name="verifyConverterPageTitle" duration-ms="125" started-at="2019-09-08T15:16:12Z" finished-at="2019-09-08T15:16:12Z">
          <reporter-output>
          </reporter-output>
        </test-method> <!-- verifyConverterPageTitle -->
        <test-method status="PASS" signature="validateConverterTest(java.lang.String, java.lang.String, java.lang.String, java.lang.String, java.lang.String)[pri:2, instance:com.transferwise.tests.ConverterPageTest@5b87ed94]" name="validateConverterTest" duration-ms="110428" started-at="2019-09-08T15:16:15Z" data-provider="getTestData" finished-at="2019-09-08T15:18:05Z">
          <params>
            <param index="0">
              <value>
                <![CDATA[1]]>
              </value>
            </param>
            <param index="1">
              <value>
                <![CDATA[500]]>
              </value>
            </param>
            <param index="2">
              <value>
                <![CDATA[EUR]]>
              </value>
            </param>
            <param index="3">
              <value>
                <![CDATA[INR]]>
              </value>
            </param>
            <param index="4">
              <value>
                <![CDATA[Easy transfer]]>
              </value>
            </param>
          </params>
          <reporter-output>
          </reporter-output>
        </test-method> <!-- validateConverterTest -->
        <test-method status="PASS" signature="doCleanUpStuff()[pri:0, instance:com.transferwise.tests.ConverterPageTest@5b87ed94]" name="doCleanUpStuff" is-config="true" duration-ms="3002" started-at="2019-09-08T15:18:05Z" finished-at="2019-09-08T15:18:08Z">
          <reporter-output>
          </reporter-output>
        </test-method> <!-- doCleanUpStuff -->
        <test-method status="PASS" signature="endOfExecution()[pri:0, instance:com.transferwise.tests.ConverterPageTest@5b87ed94]" name="endOfExecution" is-config="true" duration-ms="1" started-at="2019-09-08T15:18:08Z" finished-at="2019-09-08T15:18:08Z">
          <reporter-output>
          </reporter-output>
        </test-method> <!-- endOfExecution -->
      </class> <!-- com.transferwise.tests.ConverterPageTest -->
    </test> <!-- IETest -->
  </suite> <!-- Suite -->
</testng-results>
